<?xml version="1.0" encoding="UTF-8"?>
<testsuite xmlns:xsi="http://www.w3.org/2001/XMLSchema-instance" xsi:noNamespaceSchemaLocation="https://maven.apache.org/surefire/maven-surefire-plugin/xsd/surefire-test-report.xsd" name="br.com.runner.TestRunner" time="3.658" tests="14" errors="0" skipped="0" failures="0">
  <properties>
    <property name="sun.desktop" value="windows"/>
    <property name="awt.toolkit" value="sun.awt.windows.WToolkit"/>
    <property name="file.encoding.pkg" value="sun.io"/>
    <property name="java.specification.version" value="1.8"/>
    <property name="sun.cpu.isalist" value="amd64"/>
    <property name="sun.jnu.encoding" value="Cp1252"/>
    <property name="java.class.path" value="C:\Users\amanda.nascimento\Desktop\Petz\PetzApi\target\test-classes;C:\Users\amanda.nascimento\Desktop\Petz\PetzApi\target\classes;C:\Users\amanda.nascimento\.m2\repository\junit\junit\4.12\junit-4.12.jar;C:\Users\amanda.nascimento\.m2\repository\org\hamcrest\hamcrest-core\1.3\hamcrest-core-1.3.jar;C:\Users\amanda.nascimento\.m2\repository\org\hamcrest\hamcrest-all\1.3\hamcrest-all-1.3.jar;C:\Users\amanda.nascimento\.m2\repository\io\rest-assured\rest-assured\4.2.0\rest-assured-4.2.0.jar;C:\Users\amanda.nascimento\.m2\repository\org\codehaus\groovy\groovy\2.5.8\groovy-2.5.8.jar;C:\Users\amanda.nascimento\.m2\repository\org\codehaus\groovy\groovy-xml\2.5.8\groovy-xml-2.5.8.jar;C:\Users\amanda.nascimento\.m2\repository\org\apache\httpcomponents\httpclient\4.5.3\httpclient-4.5.3.jar;C:\Users\amanda.nascimento\.m2\repository\org\apache\httpcomponents\httpcore\4.4.6\httpcore-4.4.6.jar;C:\Users\amanda.nascimento\.m2\repository\commons-logging\commons-logging\1.2\commons-logging-1.2.jar;C:\Users\amanda.nascimento\.m2\repository\commons-codec\commons-codec\1.9\commons-codec-1.9.jar;C:\Users\amanda.nascimento\.m2\repository\org\apache\httpcomponents\httpmime\4.5.3\httpmime-4.5.3.jar;C:\Users\amanda.nascimento\.m2\repository\org\hamcrest\hamcrest\2.1\hamcrest-2.1.jar;C:\Users\amanda.nascimento\.m2\repository\org\ccil\cowan\tagsoup\tagsoup\1.2.1\tagsoup-1.2.1.jar;C:\Users\amanda.nascimento\.m2\repository\io\rest-assured\json-path\4.2.0\json-path-4.2.0.jar;C:\Users\amanda.nascimento\.m2\repository\org\codehaus\groovy\groovy-json\2.5.8\groovy-json-2.5.8.jar;C:\Users\amanda.nascimento\.m2\repository\io\rest-assured\rest-assured-common\4.2.0\rest-assured-common-4.2.0.jar;C:\Users\amanda.nascimento\.m2\repository\io\rest-assured\xml-path\4.2.0\xml-path-4.2.0.jar;C:\Users\amanda.nascimento\.m2\repository\org\apache\commons\commons-lang3\3.4\commons-lang3-3.4.jar;C:\Users\amanda.nascimento\.m2\repository\jakarta\xml\bind\jakarta.xml.bind-api\2.3.2\jakarta.xml.bind-api-2.3.2.jar;C:\Users\amanda.nascimento\.m2\repository\jakarta\activation\jakarta.activation-api\1.2.1\jakarta.activation-api-1.2.1.jar;C:\Users\amanda.nascimento\.m2\repository\com\sun\xml\bind\jaxb-osgi\2.3.0.1\jaxb-osgi-2.3.0.1.jar;C:\Users\amanda.nascimento\.m2\repository\org\apache\sling\org.apache.sling.javax.activation\0.1.0\org.apache.sling.javax.activation-0.1.0.jar;C:\Users\amanda.nascimento\.m2\repository\javax\activation\activation\1.1.1\activation-1.1.1.jar;C:\Users\amanda.nascimento\.m2\repository\io\rest-assured\json-schema-validator\4.2.0\json-schema-validator-4.2.0.jar;C:\Users\amanda.nascimento\.m2\repository\com\github\java-json-tools\json-schema-validator\2.2.10\json-schema-validator-2.2.10.jar;C:\Users\amanda.nascimento\.m2\repository\com\github\java-json-tools\json-schema-core\1.2.10\json-schema-core-1.2.10.jar;C:\Users\amanda.nascimento\.m2\repository\com\github\java-json-tools\jackson-coreutils\1.9\jackson-coreutils-1.9.jar;C:\Users\amanda.nascimento\.m2\repository\com\fasterxml\jackson\core\jackson-databind\2.2.3\jackson-databind-2.2.3.jar;C:\Users\amanda.nascimento\.m2\repository\com\fasterxml\jackson\core\jackson-annotations\2.2.3\jackson-annotations-2.2.3.jar;C:\Users\amanda.nascimento\.m2\repository\com\fasterxml\jackson\core\jackson-core\2.2.3\jackson-core-2.2.3.jar;C:\Users\amanda.nascimento\.m2\repository\com\google\guava\guava\16.0.1\guava-16.0.1.jar;C:\Users\amanda.nascimento\.m2\repository\com\github\fge\msg-simple\1.1\msg-simple-1.1.jar;C:\Users\amanda.nascimento\.m2\repository\com\github\fge\btf\1.2\btf-1.2.jar;C:\Users\amanda.nascimento\.m2\repository\com\github\fge\uri-template\0.9\uri-template-0.9.jar;C:\Users\amanda.nascimento\.m2\repository\org\mozilla\rhino\1.7.7.1\rhino-1.7.7.1.jar;C:\Users\amanda.nascimento\.m2\repository\javax\mail\mailapi\1.4.3\mailapi-1.4.3.jar;C:\Users\amanda.nascimento\.m2\repository\joda-time\joda-time\2.9.7\joda-time-2.9.7.jar;C:\Users\amanda.nascimento\.m2\repository\com\googlecode\libphonenumber\libphonenumber\8.0.0\libphonenumber-8.0.0.jar;C:\Users\amanda.nascimento\.m2\repository\com\google\code\findbugs\jsr305\3.0.1\jsr305-3.0.1.jar;C:\Users\amanda.nascimento\.m2\repository\net\sf\jopt-simple\jopt-simple\5.0.3\jopt-simple-5.0.3.jar;C:\Users\amanda.nascimento\.m2\repository\info\cukes\cucumber-java\1.2.4\cucumber-java-1.2.4.jar;C:\Users\amanda.nascimento\.m2\repository\info\cukes\cucumber-core\1.2.4\cucumber-core-1.2.4.jar;C:\Users\amanda.nascimento\.m2\repository\info\cukes\cucumber-html\0.2.3\cucumber-html-0.2.3.jar;C:\Users\amanda.nascimento\.m2\repository\info\cukes\cucumber-jvm-deps\1.0.5\cucumber-jvm-deps-1.0.5.jar;C:\Users\amanda.nascimento\.m2\repository\info\cukes\gherkin\2.12.2\gherkin-2.12.2.jar;C:\Users\amanda.nascimento\.m2\repository\info\cukes\cucumber-junit\1.2.4\cucumber-junit-1.2.4.jar;C:\Users\amanda.nascimento\.m2\repository\org\json\json\20160810\json-20160810.jar;"/>
    <property name="java.vm.vendor" value="Oracle Corporation"/>
    <property name="sun.arch.data.model" value="64"/>
    <property name="user.variant" value=""/>
    <property name="java.vendor.url" value="http://java.oracle.com/"/>
    <property name="user.timezone" value="America/Sao_Paulo"/>
    <property name="java.vm.specification.version" value="1.8"/>
    <property name="os.name" value="Windows 10"/>
    <property name="user.country" value="BR"/>
    <property name="sun.java.launcher" value="SUN_STANDARD"/>
    <property name="sun.boot.library.path" value="C:\Program Files\Java\jdk1.8.0_251\jre\bin"/>
    <property name="sun.java.command" value="C:\Users\AMANDA~1.NAS\AppData\Local\Temp\surefire202256807347404190\surefirebooter8473497971437459812.jar C:\Users\amanda.nascimento\AppData\Local\Temp\surefire202256807347404190 2020-12-06T23-48-25_183-jvmRun1 surefire3288181693650395332tmp surefire_07433650714489675322tmp"/>
    <property name="surefire.test.class.path" value="C:\Users\amanda.nascimento\Desktop\Petz\PetzApi\target\test-classes;C:\Users\amanda.nascimento\Desktop\Petz\PetzApi\target\classes;C:\Users\amanda.nascimento\.m2\repository\junit\junit\4.12\junit-4.12.jar;C:\Users\amanda.nascimento\.m2\repository\org\hamcrest\hamcrest-core\1.3\hamcrest-core-1.3.jar;C:\Users\amanda.nascimento\.m2\repository\org\hamcrest\hamcrest-all\1.3\hamcrest-all-1.3.jar;C:\Users\amanda.nascimento\.m2\repository\io\rest-assured\rest-assured\4.2.0\rest-assured-4.2.0.jar;C:\Users\amanda.nascimento\.m2\repository\org\codehaus\groovy\groovy\2.5.8\groovy-2.5.8.jar;C:\Users\amanda.nascimento\.m2\repository\org\codehaus\groovy\groovy-xml\2.5.8\groovy-xml-2.5.8.jar;C:\Users\amanda.nascimento\.m2\repository\org\apache\httpcomponents\httpclient\4.5.3\httpclient-4.5.3.jar;C:\Users\amanda.nascimento\.m2\repository\org\apache\httpcomponents\httpcore\4.4.6\httpcore-4.4.6.jar;C:\Users\amanda.nascimento\.m2\repository\commons-logging\commons-logging\1.2\commons-logging-1.2.jar;C:\Users\amanda.nascimento\.m2\repository\commons-codec\commons-codec\1.9\commons-codec-1.9.jar;C:\Users\amanda.nascimento\.m2\repository\org\apache\httpcomponents\httpmime\4.5.3\httpmime-4.5.3.jar;C:\Users\amanda.nascimento\.m2\repository\org\hamcrest\hamcrest\2.1\hamcrest-2.1.jar;C:\Users\amanda.nascimento\.m2\repository\org\ccil\cowan\tagsoup\tagsoup\1.2.1\tagsoup-1.2.1.jar;C:\Users\amanda.nascimento\.m2\repository\io\rest-assured\json-path\4.2.0\json-path-4.2.0.jar;C:\Users\amanda.nascimento\.m2\repository\org\codehaus\groovy\groovy-json\2.5.8\groovy-json-2.5.8.jar;C:\Users\amanda.nascimento\.m2\repository\io\rest-assured\rest-assured-common\4.2.0\rest-assured-common-4.2.0.jar;C:\Users\amanda.nascimento\.m2\repository\io\rest-assured\xml-path\4.2.0\xml-path-4.2.0.jar;C:\Users\amanda.nascimento\.m2\repository\org\apache\commons\commons-lang3\3.4\commons-lang3-3.4.jar;C:\Users\amanda.nascimento\.m2\repository\jakarta\xml\bind\jakarta.xml.bind-api\2.3.2\jakarta.xml.bind-api-2.3.2.jar;C:\Users\amanda.nascimento\.m2\repository\jakarta\activation\jakarta.activation-api\1.2.1\jakarta.activation-api-1.2.1.jar;C:\Users\amanda.nascimento\.m2\repository\com\sun\xml\bind\jaxb-osgi\2.3.0.1\jaxb-osgi-2.3.0.1.jar;C:\Users\amanda.nascimento\.m2\repository\org\apache\sling\org.apache.sling.javax.activation\0.1.0\org.apache.sling.javax.activation-0.1.0.jar;C:\Users\amanda.nascimento\.m2\repository\javax\activation\activation\1.1.1\activation-1.1.1.jar;C:\Users\amanda.nascimento\.m2\repository\io\rest-assured\json-schema-validator\4.2.0\json-schema-validator-4.2.0.jar;C:\Users\amanda.nascimento\.m2\repository\com\github\java-json-tools\json-schema-validator\2.2.10\json-schema-validator-2.2.10.jar;C:\Users\amanda.nascimento\.m2\repository\com\github\java-json-tools\json-schema-core\1.2.10\json-schema-core-1.2.10.jar;C:\Users\amanda.nascimento\.m2\repository\com\github\java-json-tools\jackson-coreutils\1.9\jackson-coreutils-1.9.jar;C:\Users\amanda.nascimento\.m2\repository\com\fasterxml\jackson\core\jackson-databind\2.2.3\jackson-databind-2.2.3.jar;C:\Users\amanda.nascimento\.m2\repository\com\fasterxml\jackson\core\jackson-annotations\2.2.3\jackson-annotations-2.2.3.jar;C:\Users\amanda.nascimento\.m2\repository\com\fasterxml\jackson\core\jackson-core\2.2.3\jackson-core-2.2.3.jar;C:\Users\amanda.nascimento\.m2\repository\com\google\guava\guava\16.0.1\guava-16.0.1.jar;C:\Users\amanda.nascimento\.m2\repository\com\github\fge\msg-simple\1.1\msg-simple-1.1.jar;C:\Users\amanda.nascimento\.m2\repository\com\github\fge\btf\1.2\btf-1.2.jar;C:\Users\amanda.nascimento\.m2\repository\com\github\fge\uri-template\0.9\uri-template-0.9.jar;C:\Users\amanda.nascimento\.m2\repository\org\mozilla\rhino\1.7.7.1\rhino-1.7.7.1.jar;C:\Users\amanda.nascimento\.m2\repository\javax\mail\mailapi\1.4.3\mailapi-1.4.3.jar;C:\Users\amanda.nascimento\.m2\repository\joda-time\joda-time\2.9.7\joda-time-2.9.7.jar;C:\Users\amanda.nascimento\.m2\repository\com\googlecode\libphonenumber\libphonenumber\8.0.0\libphonenumber-8.0.0.jar;C:\Users\amanda.nascimento\.m2\repository\com\google\code\findbugs\jsr305\3.0.1\jsr305-3.0.1.jar;C:\Users\amanda.nascimento\.m2\repository\net\sf\jopt-simple\jopt-simple\5.0.3\jopt-simple-5.0.3.jar;C:\Users\amanda.nascimento\.m2\repository\info\cukes\cucumber-java\1.2.4\cucumber-java-1.2.4.jar;C:\Users\amanda.nascimento\.m2\repository\info\cukes\cucumber-core\1.2.4\cucumber-core-1.2.4.jar;C:\Users\amanda.nascimento\.m2\repository\info\cukes\cucumber-html\0.2.3\cucumber-html-0.2.3.jar;C:\Users\amanda.nascimento\.m2\repository\info\cukes\cucumber-jvm-deps\1.0.5\cucumber-jvm-deps-1.0.5.jar;C:\Users\amanda.nascimento\.m2\repository\info\cukes\gherkin\2.12.2\gherkin-2.12.2.jar;C:\Users\amanda.nascimento\.m2\repository\info\cukes\cucumber-junit\1.2.4\cucumber-junit-1.2.4.jar;C:\Users\amanda.nascimento\.m2\repository\org\json\json\20160810\json-20160810.jar;"/>
    <property name="sun.cpu.endian" value="little"/>
    <property name="user.home" value="C:\Users\amanda.nascimento"/>
    <property name="user.language" value="pt"/>
    <property name="java.specification.vendor" value="Oracle Corporation"/>
    <property name="java.home" value="C:\Program Files\Java\jdk1.8.0_251\jre"/>
    <property name="basedir" value="C:\Users\amanda.nascimento\Desktop\Petz\PetzApi"/>
    <property name="file.separator" value="\"/>
    <property name="line.separator" value="&#10;"/>
    <property name="java.vm.specification.vendor" value="Oracle Corporation"/>
    <property name="java.specification.name" value="Java Platform API Specification"/>
    <property name="java.awt.graphicsenv" value="sun.awt.Win32GraphicsEnvironment"/>
    <property name="surefire.real.class.path" value="C:\Users\AMANDA~1.NAS\AppData\Local\Temp\surefire202256807347404190\surefirebooter8473497971437459812.jar"/>
    <property name="sun.boot.class.path" value="C:\Program Files\Java\jdk1.8.0_251\jre\lib\resources.jar;C:\Program Files\Java\jdk1.8.0_251\jre\lib\rt.jar;C:\Program Files\Java\jdk1.8.0_251\jre\lib\sunrsasign.jar;C:\Program Files\Java\jdk1.8.0_251\jre\lib\jsse.jar;C:\Program Files\Java\jdk1.8.0_251\jre\lib\jce.jar;C:\Program Files\Java\jdk1.8.0_251\jre\lib\charsets.jar;C:\Program Files\Java\jdk1.8.0_251\jre\lib\jfr.jar;C:\Program Files\Java\jdk1.8.0_251\jre\classes"/>
    <property name="user.script" value=""/>
    <property name="sun.management.compiler" value="HotSpot 64-Bit Tiered Compilers"/>
    <property name="java.runtime.version" value="1.8.0_251-b08"/>
    <property name="user.name" value="amanda.nascimento"/>
    <property name="path.separator" value=";"/>
    <property name="os.version" value="10.0"/>
    <property name="java.endorsed.dirs" value="C:\Program Files\Java\jdk1.8.0_251\jre\lib\endorsed"/>
    <property name="java.runtime.name" value="Java(TM) SE Runtime Environment"/>
    <property name="file.encoding" value="Cp1252"/>
    <property name="java.vm.name" value="Java HotSpot(TM) 64-Bit Server VM"/>
    <property name="localRepository" value="C:\Users\amanda.nascimento\.m2\repository"/>
    <property name="java.vendor.url.bug" value="http://bugreport.sun.com/bugreport/"/>
    <property name="java.io.tmpdir" value="C:\Users\AMANDA~1.NAS\AppData\Local\Temp\"/>
    <property name="java.version" value="1.8.0_251"/>
    <property name="user.dir" value="C:\Users\amanda.nascimento\Desktop\Petz\PetzApi"/>
    <property name="os.arch" value="amd64"/>
    <property name="java.vm.specification.name" value="Java Virtual Machine Specification"/>
    <property name="java.awt.printerjob" value="sun.awt.windows.WPrinterJob"/>
    <property name="sun.os.patch.level" value=""/>
    <property name="java.library.path" value="C:\Program Files\Java\jdk1.8.0_251\jre\bin;C:\Windows\Sun\Java\bin;C:\Windows\system32;C:\Windows;C:/Program Files/Java/jdk1.8.0_251/bin/../jre/bin/server;C:/Program Files/Java/jdk1.8.0_251/bin/../jre/bin;C:/Program Files/Java/jdk1.8.0_251/bin/../jre/lib/amd64;C:\Windows\system32;C:\Windows;C:\Windows\System32\Wbem;C:\Windows\System32\WindowsPowerShell\v1.0\;C:\Windows\System32\OpenSSH\;C:\Program Files (x86)\NVIDIA Corporation\PhysX\Common;C:\Program Files\NVIDIA Corporation\NVIDIA NvDLISR;C:\Program Files\nodejs\;C:\ProgramData\chocolatey\bin;C:\Program Files (x86)\Yarn\bin\;C:\Program Files\Docker\Docker\resources\bin;C:\ProgramData\DockerDesktop\version-bin;C:\Program Files\Git\cmd;C:\maven\apache-maven-3.6.3\bin;C:\Program Files\Java\jdk1.8.0_251\bin;C:\Users\amanda.nascimento\AppData\Local\Android\Sdk\tools;C:\Users\amanda.nascimento\AppData\Local\Android\Sdk\tools\bin;C:\Users\amanda.nascimento\AppData\Local\Android\Sdk\platform-tools;C:\Users\amanda.nascimento\AppData\Local\Programs\Python\Python39\;C:\Users\amanda.nascimento\AppData\Local\Programs\Python\Python39\Scripts\;C:\Program Files\dotnet\;C:\Program Files\Microsoft SQL Server\130\Tools\Binn\;C:\Program Files\Microsoft SQL Server\Client SDK\ODBC\170\Tools\Binn\;C:\Ruby24-x64\bin;C:\Ruby26-x64\bin;C:\Program Files (x86)\Common Files\Oracle\Java\javapath;C:\Python27\;C:\Python27\Scripts;C:\Windows\system32;C:\Windows;C:\Windows\System32\Wbem;C:\Windows\System32\WindowsPowerShell\v1.0\;C:\Windows\System32\OpenSSH\;C:\Program Files (x86)\NVIDIA Corporation\PhysX\Common;C:\Program Files\NVIDIA Corporation\NVIDIA NvDLISR;C:\Program Files\nodejs\;C:\ProgramData\chocolatey\bin;C:\Program Files (x86)\Yarn\bin\;C:\Program Files\Docker\Docker\resources\bin;C:\ProgramData\DockerDesktop\version-bin;C:\Program Files\Git\cmd;C:\maven\apache-maven-3.6.3\bin;C:\Program Files\Java\jdk1.8.0_251\bin;C:\Users\amanda.nascimento\AppData\Local\Android\Sdk\tools;C:\Users\amanda.nascimento\AppData\Local\Android\Sdk\tools\bin;C:\Users\amanda.nascimento\AppData\Local\Android\Sdk\platform-tools;C:\Users\amanda.nascimento\AppData\Local\Programs\Microsoft VS Code\bin;C:\Users\amanda.nascimento\AppData\Local\atom\bin;C:\Users\amanda.nascimento\.dotnet\tools;C:\Users\amanda.nascimento\Desktop;;."/>
    <property name="java.vm.info" value="mixed mode"/>
    <property name="java.vendor" value="Oracle Corporation"/>
    <property name="java.vm.version" value="25.251-b08"/>
    <property name="java.ext.dirs" value="C:\Program Files\Java\jdk1.8.0_251\jre\lib\ext;C:\Windows\Sun\Java\lib\ext"/>
    <property name="sun.io.unicode.encoding" value="UnicodeLittle"/>
    <property name="java.class.version" value="52.0"/>
  </properties>
  <testcase name="Dado que envio um GET para consultar todas as estacoes" classname="Cenario: CT01 : Consulta todas estações" time="0.001"/>
  <testcase name="Quando codigo de resposta e &quot;200&quot;" classname="Cenario: CT01 : Consulta todas estações" time="0"/>
  <testcase name="Entao valido o Schema &quot;consultaTodasEstacoes&quot;" classname="Cenario: CT01 : Consulta todas estações" time="0"/>
  <testcase name="Cenario: CT01 : Consulta todas estações" classname="Cenario: CT01 : Consulta todas estações" time="0.001"/>
  <testcase name="Dado que envio um GET para consultar a estacao com ID &quot;5fcc653b09e7430001b9cf5e&quot;" classname="| &quot;5fcc653b09e7430001b9cf5e&quot; | &quot;Estação2&quot; |" time="0"/>
  <testcase name="E codigo de resposta e &quot;200&quot;" classname="| &quot;5fcc653b09e7430001b9cf5e&quot; | &quot;Estação2&quot; |" time="0"/>
  <testcase name="Quando valido o Schema &quot;consultaEstacao&quot;" classname="| &quot;5fcc653b09e7430001b9cf5e&quot; | &quot;Estação2&quot; |" time="0"/>
  <testcase name="Entao valido o nome da estacao &quot;Estação2&quot;" classname="| &quot;5fcc653b09e7430001b9cf5e&quot; | &quot;Estação2&quot; |" time="0"/>
  <testcase name="| &quot;5fcc653b09e7430001b9cf5e&quot; | &quot;Estação2&quot; |" classname="| &quot;5fcc653b09e7430001b9cf5e&quot; | &quot;Estação2&quot; |" time="0"/>
  <testcase name="Dado que envio um GET para consultar a estacao com ID &quot;5fcc2ef309e7430001b9cf59&quot;" classname="| &quot;5fcc2ef309e7430001b9cf59&quot; | &quot;Estação1&quot; |" time="0"/>
  <testcase name="E codigo de resposta e &quot;200&quot;" classname="| &quot;5fcc2ef309e7430001b9cf59&quot; | &quot;Estação1&quot; |" time="0"/>
  <testcase name="Quando valido o Schema &quot;consultaEstacao&quot;" classname="| &quot;5fcc2ef309e7430001b9cf59&quot; | &quot;Estação1&quot; |" time="0"/>
  <testcase name="Entao valido o nome da estacao &quot;Estação1&quot;" classname="| &quot;5fcc2ef309e7430001b9cf59&quot; | &quot;Estação1&quot; |" time="0"/>
  <testcase name="| &quot;5fcc2ef309e7430001b9cf59&quot; | &quot;Estação1&quot; |" classname="| &quot;5fcc2ef309e7430001b9cf59&quot; | &quot;Estação1&quot; |" time="0.001"/>
</testsuite>